app/build/intermediates/manifest_merge_blame_file/release/manifest-merger-blame-release-report.txt
1<?xml version="1.0" encoding="utf-8"?>
2<manifest xmlns:android="http://schemas.android.com/apk/res/android"
3    package="com.primex.key"
4    android:versionCode="1"
5    android:versionName="1.0" >
6
7    <uses-sdk
8        android:minSdkVersion="24"
9        android:targetSdkVersion="34" />
10
11    <uses-permission android:name="android.permission.INTERNET" />
11-->src/main/AndroidManifest.xml:5:5-67
11-->src/main/AndroidManifest.xml:5:22-64
12    <uses-permission android:name="android.permission.WRITE_EXTERNAL_STORAGE" />
12-->src/main/AndroidManifest.xml:7:5-81
12-->src/main/AndroidManifest.xml:7:22-78
13    <uses-permission android:name="android.permission.READ_EXTERNAL_STORAGE" />
13-->src/main/AndroidManifest.xml:8:5-80
13-->src/main/AndroidManifest.xml:8:22-77
14    <uses-permission android:name="android.permission.MANAGE_EXTERNAL_STORAGE" />
14-->src/main/AndroidManifest.xml:10:5-111
14-->src/main/AndroidManifest.xml:10:22-79
15    <uses-permission android:name="android.permission.ACCESS_NETWORK_STATE" />
15-->[com.google.firebase:firebase-auth:22.3.1] AndroidManifest.xml:26:5-79
15-->[com.google.firebase:firebase-auth:22.3.1] AndroidManifest.xml:26:22-76
16    <uses-permission android:name="com.google.android.providers.gsf.permission.READ_GSERVICES" />
16-->[com.google.android.recaptcha:recaptcha:18.4.0] AndroidManifest.xml:9:5-98
16-->[com.google.android.recaptcha:recaptcha:18.4.0] AndroidManifest.xml:9:22-95
17
18    <permission
18-->[androidx.core:core:1.9.0] AndroidManifest.xml:22:5-24:47
19        android:name="com.primex.key.DYNAMIC_RECEIVER_NOT_EXPORTED_PERMISSION"
19-->[androidx.core:core:1.9.0] AndroidManifest.xml:23:9-81
20        android:protectionLevel="signature" />
20-->[androidx.core:core:1.9.0] AndroidManifest.xml:24:9-44
21
22    <uses-permission android:name="com.primex.key.DYNAMIC_RECEIVER_NOT_EXPORTED_PERMISSION" />
22-->[androidx.core:core:1.9.0] AndroidManifest.xml:26:5-97
22-->[androidx.core:core:1.9.0] AndroidManifest.xml:26:22-94
23
24    <application
24-->src/main/AndroidManifest.xml:12:5-37:19
25        android:allowBackup="true"
25-->src/main/AndroidManifest.xml:13:9-35
26        android:appComponentFactory="androidx.core.app.CoreComponentFactory"
26-->[androidx.core:core:1.9.0] AndroidManifest.xml:28:18-86
27        android:extractNativeLibs="false"
28        android:icon="@mipmap/ic_launcher"
28-->src/main/AndroidManifest.xml:14:9-43
29        android:label="Prime X Key"
29-->src/main/AndroidManifest.xml:15:9-36
30        android:roundIcon="@mipmap/ic_launcher_round"
30-->src/main/AndroidManifest.xml:16:9-54
31        android:supportsRtl="true"
31-->src/main/AndroidManifest.xml:17:9-35
32        android:theme="@style/Theme.AppCompat.NoActionBar" >
32-->src/main/AndroidManifest.xml:18:9-59
33        <activity
33-->src/main/AndroidManifest.xml:20:9-27:20
34            android:name="com.primex.key.LoginActivity"
34-->src/main/AndroidManifest.xml:21:13-42
35            android:exported="true" >
35-->src/main/AndroidManifest.xml:22:13-36
36            <intent-filter>
36-->src/main/AndroidManifest.xml:23:13-26:29
37                <action android:name="android.intent.action.MAIN" />
37-->src/main/AndroidManifest.xml:24:17-69
37-->src/main/AndroidManifest.xml:24:25-66
38
39                <category android:name="android.intent.category.LAUNCHER" />
39-->src/main/AndroidManifest.xml:25:17-77
39-->src/main/AndroidManifest.xml:25:27-74
40            </intent-filter>
41        </activity>
42        <activity
42-->src/main/AndroidManifest.xml:29:9-31:40
43            android:name="com.primex.key.RegisterActivity"
43-->src/main/AndroidManifest.xml:30:13-45
44            android:exported="false" />
44-->src/main/AndroidManifest.xml:31:13-37
45        <activity
45-->src/main/AndroidManifest.xml:33:9-35:40
46            android:name="com.primex.key.MainActivity"
46-->src/main/AndroidManifest.xml:34:13-41
47            android:exported="false" />
47-->src/main/AndroidManifest.xml:35:13-37
48        <activity
48-->[com.google.firebase:firebase-auth:22.3.1] AndroidManifest.xml:29:9-46:20
49            android:name="com.google.firebase.auth.internal.GenericIdpActivity"
49-->[com.google.firebase:firebase-auth:22.3.1] AndroidManifest.xml:30:13-80
50            android:excludeFromRecents="true"
50-->[com.google.firebase:firebase-auth:22.3.1] AndroidManifest.xml:31:13-46
51            android:exported="true"
51-->[com.google.firebase:firebase-auth:22.3.1] AndroidManifest.xml:32:13-36
52            android:launchMode="singleTask"
52-->[com.google.firebase:firebase-auth:22.3.1] AndroidManifest.xml:33:13-44
53            android:theme="@android:style/Theme.Translucent.NoTitleBar" >
53-->[com.google.firebase:firebase-auth:22.3.1] AndroidManifest.xml:34:13-72
54            <intent-filter>
54-->[com.google.firebase:firebase-auth:22.3.1] AndroidManifest.xml:35:13-45:29
55                <action android:name="android.intent.action.VIEW" />
55-->[com.google.firebase:firebase-auth:22.3.1] AndroidManifest.xml:36:17-69
55-->[com.google.firebase:firebase-auth:22.3.1] AndroidManifest.xml:36:25-66
56
57                <category android:name="android.intent.category.DEFAULT" />
57-->[com.google.firebase:firebase-auth:22.3.1] AndroidManifest.xml:38:17-76
57-->[com.google.firebase:firebase-auth:22.3.1] AndroidManifest.xml:38:27-73
58                <category android:name="android.intent.category.BROWSABLE" />
58-->[com.google.firebase:firebase-auth:22.3.1] AndroidManifest.xml:39:17-78
58-->[com.google.firebase:firebase-auth:22.3.1] AndroidManifest.xml:39:27-75
59
60                <data
60-->[com.google.firebase:firebase-auth:22.3.1] AndroidManifest.xml:41:17-44:51
61                    android:host="firebase.auth"
61-->[com.google.firebase:firebase-auth:22.3.1] AndroidManifest.xml:42:21-49
62                    android:path="/"
62-->[com.google.firebase:firebase-auth:22.3.1] AndroidManifest.xml:43:21-37
63                    android:scheme="genericidp" />
63-->[com.google.firebase:firebase-auth:22.3.1] AndroidManifest.xml:44:21-48
64            </intent-filter>
65        </activity>
66        <activity
66-->[com.google.firebase:firebase-auth:22.3.1] AndroidManifest.xml:47:9-64:20
67            android:name="com.google.firebase.auth.internal.RecaptchaActivity"
67-->[com.google.firebase:firebase-auth:22.3.1] AndroidManifest.xml:48:13-79
68            android:excludeFromRecents="true"
68-->[com.google.firebase:firebase-auth:22.3.1] AndroidManifest.xml:49:13-46
69            android:exported="true"
69-->[com.google.firebase:firebase-auth:22.3.1] AndroidManifest.xml:50:13-36
70            android:launchMode="singleTask"
70-->[com.google.firebase:firebase-auth:22.3.1] AndroidManifest.xml:51:13-44
71            android:theme="@android:style/Theme.Translucent.NoTitleBar" >
71-->[com.google.firebase:firebase-auth:22.3.1] AndroidManifest.xml:52:13-72
72            <intent-filter>
72-->[com.google.firebase:firebase-auth:22.3.1] AndroidManifest.xml:53:13-63:29
73                <action android:name="android.intent.action.VIEW" />
73-->[com.google.firebase:firebase-auth:22.3.1] AndroidManifest.xml:36:17-69
73-->[com.google.firebase:firebase-auth:22.3.1] AndroidManifest.xml:36:25-66
74
75                <category android:name="android.intent.category.DEFAULT" />
75-->[com.google.firebase:firebase-auth:22.3.1] AndroidManifest.xml:38:17-76
75-->[com.google.firebase:firebase-auth:22.3.1] AndroidManifest.xml:38:27-73
76                <category android:name="android.intent.category.BROWSABLE" />
76-->[com.google.firebase:firebase-auth:22.3.1] AndroidManifest.xml:39:17-78
76-->[com.google.firebase:firebase-auth:22.3.1] AndroidManifest.xml:39:27-75
77
78                <data
78-->[com.google.firebase:firebase-auth:22.3.1] AndroidManifest.xml:41:17-44:51
79                    android:host="firebase.auth"
79-->[com.google.firebase:firebase-auth:22.3.1] AndroidManifest.xml:42:21-49
80                    android:path="/"
80-->[com.google.firebase:firebase-auth:22.3.1] AndroidManifest.xml:43:21-37
81                    android:scheme="recaptcha" />
81-->[com.google.firebase:firebase-auth:22.3.1] AndroidManifest.xml:44:21-48
82            </intent-filter>
83        </activity>
84
85        <service
85-->[com.google.firebase:firebase-auth:22.3.1] AndroidManifest.xml:66:9-72:19
86            android:name="com.google.firebase.components.ComponentDiscoveryService"
86-->[com.google.firebase:firebase-auth:22.3.1] AndroidManifest.xml:67:13-84
87            android:directBootAware="true"
87-->[com.google.firebase:firebase-common:20.4.2] AndroidManifest.xml:32:13-43
88            android:exported="false" >
88-->[com.google.firebase:firebase-auth:22.3.1] AndroidManifest.xml:68:13-37
89            <meta-data
89-->[com.google.firebase:firebase-auth:22.3.1] AndroidManifest.xml:69:13-71:85
90                android:name="com.google.firebase.components:com.google.firebase.auth.FirebaseAuthRegistrar"
90-->[com.google.firebase:firebase-auth:22.3.1] AndroidManifest.xml:70:17-109
91                android:value="com.google.firebase.components.ComponentRegistrar" />
91-->[com.google.firebase:firebase-auth:22.3.1] AndroidManifest.xml:71:17-82
92            <meta-data
92-->[com.google.firebase:firebase-common-ktx:20.4.2] AndroidManifest.xml:12:13-14:85
93                android:name="com.google.firebase.components:com.google.firebase.ktx.FirebaseCommonLegacyRegistrar"
93-->[com.google.firebase:firebase-common-ktx:20.4.2] AndroidManifest.xml:13:17-116
94                android:value="com.google.firebase.components.ComponentRegistrar" />
94-->[com.google.firebase:firebase-common-ktx:20.4.2] AndroidManifest.xml:14:17-82
95            <meta-data
95-->[com.google.firebase:firebase-common:20.4.2] AndroidManifest.xml:35:13-37:85
96                android:name="com.google.firebase.components:com.google.firebase.FirebaseCommonKtxRegistrar"
96-->[com.google.firebase:firebase-common:20.4.2] AndroidManifest.xml:36:17-109
97                android:value="com.google.firebase.components.ComponentRegistrar" />
97-->[com.google.firebase:firebase-common:20.4.2] AndroidManifest.xml:37:17-82
98        </service>
99
100        <provider
100-->[com.google.firebase:firebase-common:20.4.2] AndroidManifest.xml:23:9-28:39
101            android:name="com.google.firebase.provider.FirebaseInitProvider"
101-->[com.google.firebase:firebase-common:20.4.2] AndroidManifest.xml:24:13-77
102            android:authorities="com.primex.key.firebaseinitprovider"
102-->[com.google.firebase:firebase-common:20.4.2] AndroidManifest.xml:25:13-72
103            android:directBootAware="true"
103-->[com.google.firebase:firebase-common:20.4.2] AndroidManifest.xml:26:13-43
104            android:exported="false"
104-->[com.google.firebase:firebase-common:20.4.2] AndroidManifest.xml:27:13-37
105            android:initOrder="100" />
105-->[com.google.firebase:firebase-common:20.4.2] AndroidManifest.xml:28:13-36
106        <provider
106-->[androidx.emoji2:emoji2:1.2.0] AndroidManifest.xml:24:9-32:20
107            android:name="androidx.startup.InitializationProvider"
107-->[androidx.emoji2:emoji2:1.2.0] AndroidManifest.xml:25:13-67
108            android:authorities="com.primex.key.androidx-startup"
108-->[androidx.emoji2:emoji2:1.2.0] AndroidManifest.xml:26:13-68
109            android:exported="false" >
109-->[androidx.emoji2:emoji2:1.2.0] AndroidManifest.xml:27:13-37
110            <meta-data
110-->[androidx.emoji2:emoji2:1.2.0] AndroidManifest.xml:29:13-31:52
111                android:name="androidx.emoji2.text.EmojiCompatInitializer"
111-->[androidx.emoji2:emoji2:1.2.0] AndroidManifest.xml:30:17-75
112                android:value="androidx.startup" />
112-->[androidx.emoji2:emoji2:1.2.0] AndroidManifest.xml:31:17-49
113            <meta-data
113-->[androidx.lifecycle:lifecycle-process:2.6.1] AndroidManifest.xml:29:13-31:52
114                android:name="androidx.lifecycle.ProcessLifecycleInitializer"
114-->[androidx.lifecycle:lifecycle-process:2.6.1] AndroidManifest.xml:30:17-78
115                android:value="androidx.startup" />
115-->[androidx.lifecycle:lifecycle-process:2.6.1] AndroidManifest.xml:31:17-49
116            <meta-data
116-->[androidx.profileinstaller:profileinstaller:1.3.0] AndroidManifest.xml:29:13-31:52
117                android:name="androidx.profileinstaller.ProfileInstallerInitializer"
117-->[androidx.profileinstaller:profileinstaller:1.3.0] AndroidManifest.xml:30:17-85
118                android:value="androidx.startup" />
118-->[androidx.profileinstaller:profileinstaller:1.3.0] AndroidManifest.xml:31:17-49
119        </provider>
120
121        <activity
121-->[com.google.android.gms:play-services-base:18.0.1] AndroidManifest.xml:20:9-22:45
122            android:name="com.google.android.gms.common.api.GoogleApiActivity"
122-->[com.google.android.gms:play-services-base:18.0.1] AndroidManifest.xml:20:19-85
123            android:exported="false"
123-->[com.google.android.gms:play-services-base:18.0.1] AndroidManifest.xml:22:19-43
124            android:theme="@android:style/Theme.Translucent.NoTitleBar" />
124-->[com.google.android.gms:play-services-base:18.0.1] AndroidManifest.xml:21:19-78
125
126        <meta-data
126-->[com.google.android.gms:play-services-basement:18.1.0] AndroidManifest.xml:21:9-23:69
127            android:name="com.google.android.gms.version"
127-->[com.google.android.gms:play-services-basement:18.1.0] AndroidManifest.xml:22:13-58
128            android:value="@integer/google_play_services_version" />
128-->[com.google.android.gms:play-services-basement:18.1.0] AndroidManifest.xml:23:13-66
129
130        <receiver
130-->[androidx.profileinstaller:profileinstaller:1.3.0] AndroidManifest.xml:34:9-52:20
131            android:name="androidx.profileinstaller.ProfileInstallReceiver"
131-->[androidx.profileinstaller:profileinstaller:1.3.0] AndroidManifest.xml:35:13-76
132            android:directBootAware="false"
132-->[androidx.profileinstaller:profileinstaller:1.3.0] AndroidManifest.xml:36:13-44
133            android:enabled="true"
133-->[androidx.profileinstaller:profileinstaller:1.3.0] AndroidManifest.xml:37:13-35
134            android:exported="true"
134-->[androidx.profileinstaller:profileinstaller:1.3.0] AndroidManifest.xml:38:13-36
135            android:permission="android.permission.DUMP" >
135-->[androidx.profileinstaller:profileinstaller:1.3.0] AndroidManifest.xml:39:13-57
136            <intent-filter>
136-->[androidx.profileinstaller:profileinstaller:1.3.0] AndroidManifest.xml:40:13-42:29
137                <action android:name="androidx.profileinstaller.action.INSTALL_PROFILE" />
137-->[androidx.profileinstaller:profileinstaller:1.3.0] AndroidManifest.xml:41:17-91
137-->[androidx.profileinstaller:profileinstaller:1.3.0] AndroidManifest.xml:41:25-88
138            </intent-filter>
139            <intent-filter>
139-->[androidx.profileinstaller:profileinstaller:1.3.0] AndroidManifest.xml:43:13-45:29
140                <action android:name="androidx.profileinstaller.action.SKIP_FILE" />
140-->[androidx.profileinstaller:profileinstaller:1.3.0] AndroidManifest.xml:44:17-85
140-->[androidx.profileinstaller:profileinstaller:1.3.0] AndroidManifest.xml:44:25-82
141            </intent-filter>
142            <intent-filter>
142-->[androidx.profileinstaller:profileinstaller:1.3.0] AndroidManifest.xml:46:13-48:29
143                <action android:name="androidx.profileinstaller.action.SAVE_PROFILE" />
143-->[androidx.profileinstaller:profileinstaller:1.3.0] AndroidManifest.xml:47:17-88
143-->[androidx.profileinstaller:profileinstaller:1.3.0] AndroidManifest.xml:47:25-85
144            </intent-filter>
145            <intent-filter>
145-->[androidx.profileinstaller:profileinstaller:1.3.0] AndroidManifest.xml:49:13-51:29
146                <action android:name="androidx.profileinstaller.action.BENCHMARK_OPERATION" />
146-->[androidx.profileinstaller:profileinstaller:1.3.0] AndroidManifest.xml:50:17-95
146-->[androidx.profileinstaller:profileinstaller:1.3.0] AndroidManifest.xml:50:25-92
147            </intent-filter>
148        </receiver>
149    </application>
150
151</manifest>